../client/cl_cin.c: In function 'SCR_DrawCinematic':
../client/cl_cin.c:550: warning: pointer targets in passing argument 1 of 're.CinematicSetPalette' differ in signedness
../client/cl_parse.c: In function 'CL_Events':
../client/cl_parse.c:1331: warning: comparison is always false due to limited range of data type
../client/snd_mem.c: In function 'FindNextChunk':
../client/snd_mem.c:233: warning: pointer targets in passing argument 1 of 'strncmp' differ in signedness
../client/snd_mem.c: In function 'GetWavinfo':
../client/snd_mem.c:283: warning: pointer targets in passing argument 1 of 'strncmp' differ in signedness
../client/snd_mem.c:324: warning: pointer targets in passing argument 1 of 'strncmp' differ in signedness
../qcommon/cmd.c: In function 'Cbuf_InsertFromDefer':
../qcommon/cmd.c:161: warning: pointer targets in passing argument 1 of 'Cbuf_InsertText' differ in signedness
../qcommon/common.c: In function 'MSG_WriteFormat':
../qcommon/common.c:474: warning: passing argument 2 of 'MSG_WritePos' from incompatible pointer type
../qcommon/common.c:481: warning: passing argument 2 of 'MSG_WriteDir' from incompatible pointer type
../qcommon/files.c: In function 'FS_NextScriptHeader':
../qcommon/files.c:1464: warning: passing argument 2 of 'FS_LoadFile' from incompatible pointer type
../server/sv_ccmds.c: In function 'SV_ServerRecord_f':
../server/sv_ccmds.c:938: warning: pointer targets in passing argument 2 of 'SZ_Init' differ in signedness
../server/sv_game.c: In function 'SV_InitGameProgs':
../server/sv_game.c:335: warning: assignment from incompatible pointer type
../server/sv_game.c:344: warning: assignment from incompatible pointer type
../linux/../linux/snd_alsa.h:32: warning: 'RATES' defined but not used
../ref_gl/gl_image.c: In function 'LoadTGA':
../ref_gl/gl_image.c:607: warning: assignment makes integer from pointer without a cast
../ref_gl/gl_image.c:635: warning: assignment makes integer from pointer without a cast
../ref_gl/gl_image.c: In function 'jpeg_mem_src':
../ref_gl/gl_image.c:750: warning: assignment from incompatible pointer type
../ref_gl/gl_image.c: In function 'GL_FreeUnusedImages':
../ref_gl/gl_image.c:1640: warning: pointer targets in passing argument 2 of 'qglDeleteTextures' differ in signedness
../ref_gl/gl_image.c: In function 'GL_ShutdownImages':
../ref_gl/gl_image.c:1760: warning: pointer targets in passing argument 2 of 'qglDeleteTextures' differ in signedness
../ref_gl/gl_model.c: In function 'Mod_ForName':
../ref_gl/gl_model.c:174: warning: passing argument 2 of 'ri.FS_LoadFile' from incompatible pointer type
../ref_gl/gl_model.c: In function 'R_AddMapTile':
../ref_gl/gl_model.c:827: warning: passing argument 2 of 'ri.FS_LoadFile' from incompatible pointer type
../ref_gl/gl_model.c: In function 'Mod_LoadAliasModel':
../ref_gl/gl_model.c:1148: warning: passing argument 2 of 'ri.FS_LoadFile' from incompatible pointer type
../ref_gl/gl_model.c:1164: warning: passing argument 2 of 'ri.FS_LoadFile' from incompatible pointer type
../ref_gl/gl_rmain.c: In function 'R_Init':
../ref_gl/gl_rmain.c:1383: warning: pointer targets in assignment differ in signedness
../ref_gl/gl_rmain.c:1385: warning: pointer targets in assignment differ in signedness
../ref_gl/gl_rmain.c:1387: warning: pointer targets in assignment differ in signedness
../ref_gl/gl_rmain.c:1389: warning: pointer targets in assignment differ in signedness
../linux/qgl_linux.c: In function 'QGL_Init':
../linux/qgl_linux.c:3218: warning: assignment from incompatible pointer type
../linux/qgl_linux.c: In function 'GLimp_EnableLogging':
../linux/qgl_linux.c:3603: warning: assignment from incompatible pointer type
../linux/qgl_linux.c:3943: warning: assignment from incompatible pointer type
62 übersetzte Meldungen.
0 übersetzte Meldungen.
../client/cl_cin.c: In function 'SCR_DrawCinematic':
../client/cl_cin.c:550: warning: pointer targets in passing argument 1 of 're.CinematicSetPalette' differ in signedness
../client/cl_team.c: In function 'CL_AddWeaponAmmo':
../client/cl_team.c:293: warning: 'item.m' is used uninitialized in this function
../client/cl_team.c:293: warning: 'item.a' is used uninitialized in this function
../client/snd_mem.c: In function 'FindNextChunk':
../client/snd_mem.c:233: warning: pointer targets in passing argument 1 of 'strlen' differ in signedness
../client/snd_mem.c:233: warning: pointer targets in passing argument 1 of 'strlen' differ in signedness
../client/snd_mem.c:233: warning: pointer targets in passing argument 1 of '__builtin_strcmp' differ in signedness
../client/snd_mem.c:233: warning: pointer targets in passing argument 1 of 'strlen' differ in signedness
../client/snd_mem.c:233: warning: pointer targets in passing argument 1 of '__builtin_strcmp' differ in signedness
../client/snd_mem.c:233: warning: pointer targets in passing argument 1 of '__builtin_strcmp' differ in signedness
../client/snd_mem.c:233: warning: pointer targets in passing argument 1 of '__builtin_strcmp' differ in signedness
../client/snd_mem.c:233: warning: pointer targets in passing argument 1 of 'strncmp' differ in signedness
../client/snd_mem.c: In function 'GetWavinfo':
../client/snd_mem.c:283: warning: pointer targets in passing argument 1 of 'strlen' differ in signedness
../client/snd_mem.c:283: warning: pointer targets in passing argument 1 of 'strlen' differ in signedness
../client/snd_mem.c:283: warning: pointer targets in passing argument 1 of '__builtin_strcmp' differ in signedness
../client/snd_mem.c:283: warning: pointer targets in passing argument 1 of 'strlen' differ in signedness
../client/snd_mem.c:283: warning: pointer targets in passing argument 1 of '__builtin_strcmp' differ in signedness
../client/snd_mem.c:283: warning: pointer targets in passing argument 1 of '__builtin_strcmp' differ in signedness
../client/snd_mem.c:283: warning: pointer targets in passing argument 1 of '__builtin_strcmp' differ in signedness
../client/snd_mem.c:283: warning: pointer targets in passing argument 1 of 'strncmp' differ in signedness
../client/snd_mem.c:324: warning: pointer targets in passing argument 1 of 'strlen' differ in signedness
../client/snd_mem.c:324: warning: pointer targets in passing argument 1 of 'strlen' differ in signedness
../client/snd_mem.c:324: warning: pointer targets in passing argument 1 of '__builtin_strcmp' differ in signedness
../client/snd_mem.c:324: warning: pointer targets in passing argument 1 of 'strlen' differ in signedness
../client/snd_mem.c:324: warning: pointer targets in passing argument 1 of '__builtin_strcmp' differ in signedness
../client/snd_mem.c:324: warning: pointer targets in passing argument 1 of '__builtin_strcmp' differ in signedness
../client/snd_mem.c:324: warning: pointer targets in passing argument 1 of '__builtin_strcmp' differ in signedness
../client/snd_mem.c:324: warning: pointer targets in passing argument 1 of 'strncmp' differ in signedness
../qcommon/cmd.c: In function 'Cbuf_InsertFromDefer':
../qcommon/cmd.c:161: warning: pointer targets in passing argument 1 of 'Cbuf_InsertText' differ in signedness
../qcommon/common.c: In function 'MSG_WriteFormat':
../qcommon/common.c:474: warning: passing argument 2 of 'MSG_WritePos' from incompatible pointer type
../qcommon/common.c:481: warning: passing argument 2 of 'MSG_WriteDir' from incompatible pointer type
../qcommon/files.c: In function 'FS_NextScriptHeader':
../qcommon/files.c:1464: warning: passing argument 2 of 'FS_LoadFile' from incompatible pointer type
../server/sv_ccmds.c: In function 'SV_ServerRecord_f':
../server/sv_ccmds.c:938: warning: pointer targets in passing argument 2 of 'SZ_Init' differ in signedness
../server/sv_game.c: In function 'SV_InitGameProgs':
../server/sv_game.c:335: warning: assignment from incompatible pointer type
../server/sv_game.c:344: warning: assignment from incompatible pointer type
../linux/../linux/snd_alsa.h:32: warning: 'RATES' defined but not used
../game/g_ai.c: In function 'G_SpawnAIPlayer':
../game/g_ai.c:476: warning: 'item.m' may be used uninitialized in this function
../ref_gl/gl_image.c: In function 'LoadTGA':
../ref_gl/gl_image.c:607: warning: assignment makes integer from pointer without a cast
../ref_gl/gl_image.c:635: warning: assignment makes integer from pointer without a cast
../ref_gl/gl_image.c: In function 'jpeg_mem_src':
../ref_gl/gl_image.c:750: warning: assignment from incompatible pointer type
../ref_gl/gl_image.c: In function 'GL_FreeUnusedImages':
../ref_gl/gl_image.c:1640: warning: pointer targets in passing argument 2 of 'qglDeleteTextures' differ in signedness
../ref_gl/gl_image.c: In function 'GL_ShutdownImages':
../ref_gl/gl_image.c:1760: warning: pointer targets in passing argument 2 of 'qglDeleteTextures' differ in signedness
../ref_gl/gl_model.c: In function 'Mod_ForName':
../ref_gl/gl_model.c:174: warning: passing argument 2 of 'ri.FS_LoadFile' from incompatible pointer type
../ref_gl/gl_model.c: In function 'R_AddMapTile':
../ref_gl/gl_model.c:827: warning: passing argument 2 of 'ri.FS_LoadFile' from incompatible pointer type
../ref_gl/gl_model.c: In function 'Mod_LoadAliasModel':
../ref_gl/gl_model.c:1148: warning: passing argument 2 of 'ri.FS_LoadFile' from incompatible pointer type
../ref_gl/gl_model.c:1164: warning: passing argument 2 of 'ri.FS_LoadFile' from incompatible pointer type
../ref_gl/gl_rmain.c: In function 'R_Init':
../ref_gl/gl_rmain.c:1383: warning: pointer targets in assignment differ in signedness
../ref_gl/gl_rmain.c:1385: warning: pointer targets in assignment differ in signedness
../ref_gl/gl_rmain.c:1387: warning: pointer targets in assignment differ in signedness
../ref_gl/gl_rmain.c:1389: warning: pointer targets in assignment differ in signedness
../ref_gl/gl_rmain.c: In function 'R_SetLightLevel':
../ref_gl/gl_rmain.c:1154: warning: 'shadelight[0]' is used uninitialized in this function
../ref_gl/gl_rmain.c:1154: warning: 'shadelight[1]' is used uninitialized in this function
../ref_gl/gl_rmain.c:1156: warning: 'shadelight[2]' is used uninitialized in this function
../linux/qgl_linux.c: In function 'QGL_Init':
../linux/qgl_linux.c:3218: warning: assignment from incompatible pointer type
../linux/qgl_linux.c: In function 'GLimp_EnableLogging':
../linux/qgl_linux.c:3603: warning: assignment from incompatible pointer type
../linux/qgl_linux.c:3943: warning: assignment from incompatible pointer type
62 übersetzte Meldungen.
0 übersetzte Meldungen.
